host: Abigaels-MacBook-Pro-5.local
Building DAG of jobs...
Using shell: /bin/bash
Provided cores: 1 (use --cores to define parallelism)
Rules claiming more threads will be scaled down.
Job stats:
job                         count
------------------------  -------
planning_and_preparation        1
total                           1

Select jobs to execute...
Execute 1 jobs...

[Tue Dec 10 21:48:54 2024]
localrule planning_and_preparation:
    input: input/systems_report.txt, input/testing_scope.txt
    output: output/preparation_complete.txt
    jobid: 0
    reason: Missing output files: output/preparation_complete.txt
    resources: tmpdir=/var/folders/zm/6zmc590d0dq10mln_h0pzlqw0000gn/T

RuleException:
CalledProcessError in file /Users/abigaelmogusu/Documents/MSU/CMSE 890-Andrew Project/CMSE_890_602_Project/workflow/Snakefile, line 25:
Command 'set -euo pipefail;  /Users/abigaelmogusu/Documents/MSU/CMSE 890-Andrew Project/CMSE_890_602_Project/venv/bin/python3.13 '/Users/abigaelmogusu/Documents/MSU/CMSE 890-Andrew Project/CMSE_890_602_Project/workflow/.snakemake/scripts/tmp8h5i3nxf.planning_and_preparation.py'' returned non-zero exit status 1.
[Tue Dec 10 21:48:55 2024]
Error in rule planning_and_preparation:
    jobid: 0
    input: input/systems_report.txt, input/testing_scope.txt
    output: output/preparation_complete.txt

Shutting down, this might take some time.
Exiting because a job execution failed. Look above for error message
Complete log: .snakemake/log/2024-12-10T214854.796534.snakemake.log
WorkflowError:
At least one job did not complete successfully.
