host: Abigaels-MacBook-Pro-5.local
Building DAG of jobs...
Using shell: /bin/bash
Provided cores: 8
Rules claiming more threads will be scaled down.
Job stats:
job                           count
--------------------------  -------
all                               1
attempt_exploit                   1
check_exploitation_status         1
check_vulnerability_status        1
information_gathering             1
planning_and_preparation          1
vulnerability_analysis            1
total                             7

Select jobs to execute...
Execute 2 jobs...

[Fri Dec 13 15:35:34 2024]
localrule planning_and_preparation:
    input: scripts/planning_and_preparation.py
    output: output/pentest_planning_report.txt
    jobid: 1
    reason: Missing output files: output/pentest_planning_report.txt
    resources: tmpdir=/var/folders/zm/6zmc590d0dq10mln_h0pzlqw0000gn/T


[Fri Dec 13 15:35:34 2024]
localrule information_gathering:
    input: scripts/information_gathering.py
    output: output/information_gathering_report.json
    jobid: 2
    reason: Missing output files: output/information_gathering_report.json
    resources: tmpdir=/var/folders/zm/6zmc590d0dq10mln_h0pzlqw0000gn/T

[Fri Dec 13 15:35:34 2024]
Error in rule information_gathering:
    jobid: 2
    input: scripts/information_gathering.py
    output: output/information_gathering_report.json
    shell:
        
        scripts/information_gathering.py data/network_log_data.json
        
        (one of the commands exited with non-zero exit code; note that snakemake uses bash strict mode!)

[Fri Dec 13 15:35:34 2024]
Error in rule planning_and_preparation:
    jobid: 1
    input: scripts/planning_and_preparation.py
    output: output/pentest_planning_report.txt
    shell:
        
        scripts/planning_and_preparation.py
        
        (one of the commands exited with non-zero exit code; note that snakemake uses bash strict mode!)

Shutting down, this might take some time.
Exiting because a job execution failed. Look above for error message
Complete log: .snakemake/log/2024-12-13T153534.620276.snakemake.log
WorkflowError:
At least one job did not complete successfully.
