host: Abigaels-MacBook-Pro-5.local
Building DAG of jobs...
Using shell: /bin/bash
Provided cores: 8
Rules claiming more threads will be scaled down.
Job stats:
job                         count
------------------------  -------
planning_and_preparation        1
total                           1

Select jobs to execute...
Execute 1 jobs...

[Fri Dec 13 13:06:16 2024]
localrule planning_and_preparation:
    output: output/pentest_planning_report.txt
    jobid: 0
    reason: Missing output files: output/pentest_planning_report.txt
    resources: tmpdir=/var/folders/zm/6zmc590d0dq10mln_h0pzlqw0000gn/T

[Fri Dec 13 13:06:16 2024]
Error in rule planning_and_preparation:
    jobid: 0
    output: output/pentest_planning_report.txt

Shutting down, this might take some time.
Exiting because a job execution failed. Look above for error message
Complete log: .snakemake/log/2024-12-13T130616.895499.snakemake.log
WorkflowError:
At least one job did not complete successfully.
